<?xml version="1.0" encoding="UTF-8"?>
<!-- Generated by org.testng.reporters.JUnitXMLReporter -->
<testsuite ignored="0" hostname="DESKTOP-8EODA8M" failures="0" tests="4" name="ChromeBrowser" time="22.701" errors="0" timestamp="2022-09-14T17:44:02 IST">
  <testcase classname="package1.VerifyProfilePage" name="@BeforeTest launchBrowser" time="22.477">
    <failure type="org.openqa.selenium.WebDriverException" message="Failed to decode response from marionette
Build info: version: &amp;apos;3.141.59&amp;apos;, revision: &amp;apos;e82be7d358&amp;apos;, time: &amp;apos;2018-11-14T08:17:03&amp;apos;
System info: host: &amp;apos;DESKTOP-8EODA8M&amp;apos;, ip: &amp;apos;192.168.0.105&amp;apos;, os.name: &amp;apos;Windows 10&amp;apos;, os.arch: &amp;apos;amd64&amp;apos;, os.version: &amp;apos;10.0&amp;apos;, java.version: &amp;apos;18.0.2&amp;apos;
Driver info: driver.version: FirefoxDriver
remote stacktrace: ">
      <![CDATA[org.openqa.selenium.WebDriverException: Failed to decode response from marionette
Build info: version: '3.141.59', revision: 'e82be7d358', time: '2018-11-14T08:17:03'
System info: host: 'DESKTOP-8EODA8M', ip: '192.168.0.105', os.name: 'Windows 10', os.arch: 'amd64', os.version: '10.0', java.version: '18.0.2'
Driver info: driver.version: FirefoxDriver
remote stacktrace: 
at org.openqa.selenium.remote.W3CHandshakeResponse.lambda$errorHandler$0(W3CHandshakeResponse.java:62)
at org.openqa.selenium.remote.HandshakeResponse.lambda$getResponseFunction$0(HandshakeResponse.java:30)
at org.openqa.selenium.remote.ProtocolHandshake.lambda$createSession$0(ProtocolHandshake.java:126)
at java.base/java.util.stream.ReferencePipeline$3$1.accept(ReferencePipeline.java:197)
at java.base/java.util.Spliterators$ArraySpliterator.tryAdvance(Spliterators.java:1002)
at java.base/java.util.stream.ReferencePipeline.forEachWithCancel(ReferencePipeline.java:129)
at java.base/java.util.stream.AbstractPipeline.copyIntoWithCancel(AbstractPipeline.java:527)
at java.base/java.util.stream.AbstractPipeline.copyInto(AbstractPipeline.java:513)
at java.base/java.util.stream.AbstractPipeline.wrapAndCopyInto(AbstractPipeline.java:499)
at java.base/java.util.stream.FindOps$FindOp.evaluateSequential(FindOps.java:150)
at java.base/java.util.stream.AbstractPipeline.evaluate(AbstractPipeline.java:234)
at java.base/java.util.stream.ReferencePipeline.findFirst(ReferencePipeline.java:647)
at org.openqa.selenium.remote.ProtocolHandshake.createSession(ProtocolHandshake.java:128)
at org.openqa.selenium.remote.ProtocolHandshake.createSession(ProtocolHandshake.java:74)
at org.openqa.selenium.remote.HttpCommandExecutor.execute(HttpCommandExecutor.java:136)
at org.openqa.selenium.remote.service.DriverCommandExecutor.execute(DriverCommandExecutor.java:83)
at org.openqa.selenium.remote.RemoteWebDriver.execute(RemoteWebDriver.java:552)
at org.openqa.selenium.remote.RemoteWebDriver.startSession(RemoteWebDriver.java:213)
at org.openqa.selenium.remote.RemoteWebDriver.<init>(RemoteWebDriver.java:131)
at org.openqa.selenium.firefox.FirefoxDriver.<init>(FirefoxDriver.java:147)
at org.openqa.selenium.firefox.FirefoxDriver.<init>(FirefoxDriver.java:125)
at package1.VerifyProfilePage.launchBrowser(VerifyProfilePage.java:34)
... Removed 25 stack frames]]>
    </failure>
  </testcase> <!-- @BeforeTest launchBrowser -->
  <testcase classname="package1.VerifyRoomspage" name="@BeforeTest launchBrowser" time="-1.663157641625E9">
    <skipped/>
  </testcase> <!-- @BeforeTest launchBrowser -->
  <testcase classname="package1.VerifyRoomspage" name="@BeforeClass createPOMObjects" time="-1.663157641633E9">
    <skipped/>
  </testcase> <!-- @BeforeClass createPOMObjects -->
  <testcase classname="package1.VerifyRoomspage" name="@BeforeMethod openRoomsPage" time="-1.663157641641E9">
    <skipped/>
  </testcase> <!-- @BeforeMethod openRoomsPage -->
  <testcase classname="package1.VerifyRoomspage" name="@AfterMethod logoutFromApplication" time="-1.663157641657E9">
    <skipped/>
  </testcase> <!-- @AfterMethod logoutFromApplication -->
  <testcase classname="package1.VerifyRoomspage" name="@BeforeMethod openRoomsPage" time="-1.663157641664E9">
    <skipped/>
  </testcase> <!-- @BeforeMethod openRoomsPage -->
  <testcase classname="package1.VerifyRoomspage" name="@AfterMethod logoutFromApplication" time="-1.663157641678E9">
    <skipped/>
  </testcase> <!-- @AfterMethod logoutFromApplication -->
  <testcase classname="package1.VerifyRoomspage" name="@AfterClass cleanPOMObject" time="-1.663157641682E9">
    <skipped/>
  </testcase> <!-- @AfterClass cleanPOMObject -->
  <testcase classname="package1.VerifyProfilePage" name="@BeforeClass createPOMObjects" time="-1.663157641687E9">
    <skipped/>
  </testcase> <!-- @BeforeClass createPOMObjects -->
  <testcase classname="package1.VerifyProfilePage" name="@BeforeMethod openProfilePage" time="-1.663157641693E9">
    <skipped/>
  </testcase> <!-- @BeforeMethod openProfilePage -->
  <testcase classname="package1.VerifyProfilePage" name="@AfterMethod logoutFromApplication" time="-1.663157641731E9">
    <skipped/>
  </testcase> <!-- @AfterMethod logoutFromApplication -->
  <testcase classname="package1.VerifyProfilePage" name="@BeforeMethod openProfilePage" time="-1.663157641751E9">
    <skipped/>
  </testcase> <!-- @BeforeMethod openProfilePage -->
  <testcase classname="package1.VerifyProfilePage" name="@AfterMethod logoutFromApplication" time="-1.663157641763E9">
    <skipped/>
  </testcase> <!-- @AfterMethod logoutFromApplication -->
  <testcase classname="package1.VerifyProfilePage" name="@AfterClass cleanPOMObject" time="-1.663157641766E9">
    <skipped/>
  </testcase> <!-- @AfterClass cleanPOMObject -->
  <testcase classname="package1.VerifyProfilePage" name="@AfterTest closedBrowser" time="-1.663157641768E9">
    <skipped/>
  </testcase> <!-- @AfterTest closedBrowser -->
  <testcase classname="package1.VerifyRoomspage" name="@AfterTest closedBrowser" time="-1.663157641773E9">
    <skipped/>
  </testcase> <!-- @AfterTest closedBrowser -->
  <testcase classname="package1.VerifyRoomspage" name="verifyGoBackToHelpCenterButton" time="0.0">
    <skipped/>
  </testcase> <!-- verifyGoBackToHelpCenterButton -->
  <testcase classname="package1.VerifyRoomspage" name="verifyGoBackToMessengerButton" time="0.0">
    <skipped/>
  </testcase> <!-- verifyGoBackToMessengerButton -->
  <testcase classname="package1.VerifyProfilePage" name="verifyAddToStoryButton" time="0.0">
    <skipped/>
  </testcase> <!-- verifyAddToStoryButton -->
  <testcase classname="package1.VerifyProfilePage" name="verifyEditProfileButton" time="0.0">
    <skipped/>
  </testcase> <!-- verifyEditProfileButton -->
</testsuite> <!-- ChromeBrowser -->
