<?xml version="1.0" encoding="UTF-8"?>
<!-- Generated by org.testng.reporters.JUnitXMLReporter -->
<testsuite ignored="0" hostname="DESKTOP-8EODA8M" failures="0" tests="2" name="Default test" time="0.11" errors="0" timestamp="2022-09-14T20:58:34 IST">
  <testcase classname="package1.VerifyProfilePage" name="@BeforeTest launchBrowser" time="-1.663169314589E9">
    <failure type="org.testng.TestNGException" message="
Parameter &amp;apos;browser&amp;apos; is required by BeforeTest on method launchBrowser but has not been marked @Optional or defined
in C:\Users\DELL\AppData\Local\Temp\testng-eclipse--2092439058\testng-customsuite.xml">
      <![CDATA[org.testng.TestNGException: 
Parameter 'browser' is required by BeforeTest on method launchBrowser but has not been marked @Optional or defined
in C:\Users\DELL\AppData\Local\Temp\testng-eclipse--2092439058\testng-customsuite.xml
at org.testng.internal.Parameters.createParams(Parameters.java:270)
at org.testng.internal.Parameters.createParametersForMethod(Parameters.java:358)
at org.testng.internal.Parameters.createParameters(Parameters.java:700)
at org.testng.internal.Parameters.createConfigurationParameters(Parameters.java:168)
at org.testng.internal.ConfigInvoker.invokeConfigurations(ConfigInvoker.java:302)
at org.testng.TestRunner.invokeTestConfigurations(TestRunner.java:637)
at org.testng.TestRunner.beforeRun(TestRunner.java:627)
at org.testng.TestRunner.run(TestRunner.java:589)
at org.testng.SuiteRunner.runTest(SuiteRunner.java:377)
at org.testng.SuiteRunner.runSequentially(SuiteRunner.java:371)
at org.testng.SuiteRunner.privateRun(SuiteRunner.java:332)
at org.testng.SuiteRunner.run(SuiteRunner.java:276)
at org.testng.SuiteRunnerWorker.runSuite(SuiteRunnerWorker.java:53)
at org.testng.SuiteRunnerWorker.run(SuiteRunnerWorker.java:96)
at org.testng.TestNG.runSuitesSequentially(TestNG.java:1212)
at org.testng.TestNG.runSuitesLocally(TestNG.java:1134)
at org.testng.TestNG.runSuites(TestNG.java:1063)
at org.testng.TestNG.run(TestNG.java:1031)
at org.testng.remote.AbstractRemoteTestNG.run(AbstractRemoteTestNG.java:115)
at org.testng.remote.RemoteTestNG.initAndRun(RemoteTestNG.java:251)
at org.testng.remote.RemoteTestNG.main(RemoteTestNG.java:77)
]]>
    </failure>
  </testcase> <!-- @BeforeTest launchBrowser -->
  <testcase classname="package1.VerifyProfilePage" name="@BeforeClass createPOMObjects" time="-1.663169314636E9">
    <skipped/>
  </testcase> <!-- @BeforeClass createPOMObjects -->
  <testcase classname="package1.VerifyProfilePage" name="@BeforeMethod openProfilePage" time="-1.663169314657E9">
    <skipped/>
  </testcase> <!-- @BeforeMethod openProfilePage -->
  <testcase classname="package1.VerifyProfilePage" name="@AfterMethod logoutFromApplication" time="-1.663169314669E9">
    <skipped/>
  </testcase> <!-- @AfterMethod logoutFromApplication -->
  <testcase classname="package1.VerifyProfilePage" name="@BeforeMethod openProfilePage" time="-1.663169314671E9">
    <skipped/>
  </testcase> <!-- @BeforeMethod openProfilePage -->
  <testcase classname="package1.VerifyProfilePage" name="@AfterMethod logoutFromApplication" time="-1.663169314679E9">
    <skipped/>
  </testcase> <!-- @AfterMethod logoutFromApplication -->
  <testcase classname="package1.VerifyProfilePage" name="@AfterClass cleanPOMObject" time="-1.663169314681E9">
    <skipped/>
  </testcase> <!-- @AfterClass cleanPOMObject -->
  <testcase classname="package1.VerifyProfilePage" name="@AfterTest closedBrowser" time="-1.663169314687E9">
    <skipped/>
  </testcase> <!-- @AfterTest closedBrowser -->
  <testcase classname="package1.VerifyProfilePage" name="verifyAddToStoryButton" time="0.0">
    <skipped/>
  </testcase> <!-- verifyAddToStoryButton -->
  <testcase classname="package1.VerifyProfilePage" name="verifyEditProfileButton" time="0.0">
    <skipped/>
  </testcase> <!-- verifyEditProfileButton -->
</testsuite> <!-- Default test -->
